$ node client/build.js --watch
[Webpack][client] Compiling
[Webpack][client] Compiled
[Webpack][client] Compiled
[Webpack][client] Compiled
[Webpack][client] Compiled
[Webpack][client] Compiler warnings
[
  './src/pages/Home/index.js\n' +
    'Module Error (from ./node_modules/eslint-loader/dist/cjs.js):\n' +
    '\n' +
    "  Line 16:6:  'Helmet' is not defined  react/jsx-no-undef\n" +
    '\n' +
    'Search for the keywords to learn more about each error.\n' +
    ' @ ./src/pages lazy ^\\.\\/.*$ namespace object ./Home/\n' +
    ' @ ./src/components/Navigator/components/Route.js\n' +
    ' @ ./src/components/Navigator/index.js\n' +
    ' @ ./src/components/App/index.js\n' +
    ' @ ./src/index.js\n' +
    ' @ multi ./src/index.js'
]
[Webpack][client] Compiled
[Webpack][client] Compiled
[Webpack][client] Compiled
[Webpack][client] Compiled
[Webpack][client] Compiled
[Webpack][client] Compiled
[Webpack][client] Compiled
